\\BANNER.MAIN.AD.RIT.EDU\STUDENTS\RBV7405\IGMPROFILE\DESKTOP\GITHUB\ASTARALGORITHM\A4 - ASTAR\DEBUG\A4 - ASTAR.ILK
\\BANNER.MAIN.AD.RIT.EDU\STUDENTS\RBV7405\IGMPROFILE\DESKTOP\GITHUB\ASTARALGORITHM\A4 - ASTAR\DEBUG\A4 - ASTAR.EXE
\\BANNER.MAIN.AD.RIT.EDU\STUDENTS\RBV7405\IGMPROFILE\DESKTOP\GITHUB\ASTARALGORITHM\A4 - ASTAR\DEBUG\A4 - ASTAR.PDB
\\BANNER.MAIN.AD.RIT.EDU\STUDENTS\RBV7405\IGMPROFILE\DESKTOP\GITHUB\ASTARALGORITHM\A4 - ASTAR\A4 - ASTAR\DEBUG\VC110.PDB
\\BANNER.MAIN.AD.RIT.EDU\STUDENTS\JAS2715\IGMPROFILE\DESKTOP\GITHUB\ASTARALGORITHM\A4 - ASTAR\A4 - ASTAR\DEBUG\NODE.OBJ
\\BANNER.MAIN.AD.RIT.EDU\STUDENTS\JAS2715\IGMPROFILE\DESKTOP\GITHUB\ASTARALGORITHM\A4 - ASTAR\A4 - ASTAR\DEBUG\VC110.PDB
\\BANNER.MAIN.AD.RIT.EDU\STUDENTS\JAS2715\IGMPROFILE\DESKTOP\GITHUB\ASTARALGORITHM\A4 - ASTAR\A4 - ASTAR\DEBUG\GRAPH.OBJ
\\BANNER.MAIN.AD.RIT.EDU\STUDENTS\JAS2715\IGMPROFILE\DESKTOP\GITHUB\ASTARALGORITHM\A4 - ASTAR\A4 - ASTAR\DEBUG\A4 - ASTAR.OBJ
\\banner.main.ad.rit.edu\students\jas2715\IGMProfile\Desktop\GitHub\AStarAlgorithm\A4 - AStar\A4 - AStar\Debug\stdafx.obj
\\banner.main.ad.rit.edu\students\jas2715\IGMProfile\Desktop\GitHub\AStarAlgorithm\A4 - AStar\A4 - AStar\Debug\Node.obj
\\banner.main.ad.rit.edu\students\jas2715\IGMProfile\Desktop\GitHub\AStarAlgorithm\A4 - AStar\A4 - AStar\Debug\A4 - AStar.obj
\\banner.main.ad.rit.edu\students\jas2715\IGMProfile\Desktop\GitHub\AStarAlgorithm\A4 - AStar\A4 - AStar\Debug\Graph.obj
\\banner.main.ad.rit.edu\students\jas2715\IGMProfile\Desktop\GitHub\AStarAlgorithm\A4 - AStar\A4 - AStar\Debug\link.3332.write.1.tlog
\\banner.main.ad.rit.edu\students\jas2715\IGMProfile\Desktop\GitHub\AStarAlgorithm\A4 - AStar\A4 - AStar\Debug\CL.read.1.tlog
\\banner.main.ad.rit.edu\students\jas2715\IGMProfile\Desktop\GitHub\AStarAlgorithm\A4 - AStar\A4 - AStar\Debug\link.command.1.tlog
\\banner.main.ad.rit.edu\students\jas2715\IGMProfile\Desktop\GitHub\AStarAlgorithm\A4 - AStar\A4 - AStar\Debug\link.1572.write.1.tlog
\\banner.main.ad.rit.edu\students\jas2715\IGMProfile\Desktop\GitHub\AStarAlgorithm\A4 - AStar\A4 - AStar\Debug\link-rc.read.1.tlog
\\banner.main.ad.rit.edu\students\jas2715\IGMProfile\Desktop\GitHub\AStarAlgorithm\A4 - AStar\A4 - AStar\Debug\link-rc.write.1.tlog
\\banner.main.ad.rit.edu\students\jas2715\IGMProfile\Desktop\GitHub\AStarAlgorithm\A4 - AStar\A4 - AStar\Debug\link-cvtres.read.1.tlog
\\banner.main.ad.rit.edu\students\jas2715\IGMProfile\Desktop\GitHub\AStarAlgorithm\A4 - AStar\A4 - AStar\Debug\link-cvtres.write.1.tlog
\\banner.main.ad.rit.edu\students\jas2715\IGMProfile\Desktop\GitHub\AStarAlgorithm\A4 - AStar\A4 - AStar\Debug\link.write.1.tlog
\\banner.main.ad.rit.edu\students\jas2715\IGMProfile\Desktop\GitHub\AStarAlgorithm\A4 - AStar\A4 - AStar\Debug\link.4112-rc.read.1.tlog
\\banner.main.ad.rit.edu\students\jas2715\IGMProfile\Desktop\GitHub\AStarAlgorithm\A4 - AStar\A4 - AStar\Debug\link.2008-rc.read.1.tlog
\\banner.main.ad.rit.edu\students\jas2715\IGMProfile\Desktop\GitHub\AStarAlgorithm\A4 - AStar\A4 - AStar\Debug\link.2008-rc.write.1.tlog
\\banner.main.ad.rit.edu\students\jas2715\IGMProfile\Desktop\GitHub\AStarAlgorithm\A4 - AStar\A4 - AStar\Debug\link.2008-cvtres.read.1.tlog
\\banner.main.ad.rit.edu\students\jas2715\IGMProfile\Desktop\GitHub\AStarAlgorithm\A4 - AStar\A4 - AStar\Debug\link.2008-cvtres.write.1.tlog
\\banner.main.ad.rit.edu\students\jas2715\IGMProfile\Desktop\GitHub\AStarAlgorithm\A4 - AStar\A4 - AStar\Debug\link.2008.read.1.tlog
\\banner.main.ad.rit.edu\students\jas2715\IGMProfile\Desktop\GitHub\AStarAlgorithm\A4 - AStar\A4 - AStar\Debug\link.2008.write.1.tlog
\\banner.main.ad.rit.edu\students\jas2715\IGMProfile\Desktop\GitHub\AStarAlgorithm\A4 - AStar\A4 - AStar\Debug\link.1572-cvtres.read.1.tlog
\\banner.main.ad.rit.edu\students\jas2715\IGMProfile\Desktop\GitHub\AStarAlgorithm\A4 - AStar\A4 - AStar\Debug\link.3332-rc.write.1.tlog
\\banner.main.ad.rit.edu\students\jas2715\IGMProfile\Desktop\GitHub\AStarAlgorithm\A4 - AStar\A4 - AStar\Debug\link.3004-rc.read.1.tlog
\\banner.main.ad.rit.edu\students\jas2715\IGMProfile\Desktop\GitHub\AStarAlgorithm\A4 - AStar\A4 - AStar\Debug\link.3004-rc.write.1.tlog
\\banner.main.ad.rit.edu\students\jas2715\IGMProfile\Desktop\GitHub\AStarAlgorithm\A4 - AStar\A4 - AStar\Debug\link.3004-cvtres.read.1.tlog
\\banner.main.ad.rit.edu\students\jas2715\IGMProfile\Desktop\GitHub\AStarAlgorithm\A4 - AStar\A4 - AStar\Debug\link.3004-cvtres.write.1.tlog
\\banner.main.ad.rit.edu\students\jas2715\IGMProfile\Desktop\GitHub\AStarAlgorithm\A4 - AStar\A4 - AStar\Debug\link.3004.read.1.tlog
\\banner.main.ad.rit.edu\students\jas2715\IGMProfile\Desktop\GitHub\AStarAlgorithm\A4 - AStar\A4 - AStar\Debug\link.3004.write.1.tlog
\\banner.main.ad.rit.edu\students\jas2715\IGMProfile\Desktop\GitHub\AStarAlgorithm\A4 - AStar\A4 - AStar\Debug\link.1572-cvtres.write.1.tlog
\\banner.main.ad.rit.edu\students\jas2715\IGMProfile\Desktop\GitHub\AStarAlgorithm\A4 - AStar\A4 - AStar\Debug\link.3332-cvtres.read.1.tlog
\\banner.main.ad.rit.edu\students\jas2715\IGMProfile\Desktop\GitHub\AStarAlgorithm\A4 - AStar\A4 - AStar\Debug\link.4252-rc.read.1.tlog
\\banner.main.ad.rit.edu\students\jas2715\IGMProfile\Desktop\GitHub\AStarAlgorithm\A4 - AStar\A4 - AStar\Debug\link.4252-rc.write.1.tlog
\\banner.main.ad.rit.edu\students\jas2715\IGMProfile\Desktop\GitHub\AStarAlgorithm\A4 - AStar\A4 - AStar\Debug\link.4252-cvtres.read.1.tlog
\\banner.main.ad.rit.edu\students\jas2715\IGMProfile\Desktop\GitHub\AStarAlgorithm\A4 - AStar\A4 - AStar\Debug\link.4252-cvtres.write.1.tlog
\\banner.main.ad.rit.edu\students\jas2715\IGMProfile\Desktop\GitHub\AStarAlgorithm\A4 - AStar\A4 - AStar\Debug\link.4252.read.1.tlog
\\banner.main.ad.rit.edu\students\jas2715\IGMProfile\Desktop\GitHub\AStarAlgorithm\A4 - AStar\A4 - AStar\Debug\link.4252.write.1.tlog
\\banner.main.ad.rit.edu\students\jas2715\IGMProfile\Desktop\GitHub\AStarAlgorithm\A4 - AStar\A4 - AStar\Debug\link.1572.read.1.tlog
\\banner.main.ad.rit.edu\students\jas2715\IGMProfile\Desktop\GitHub\AStarAlgorithm\A4 - AStar\A4 - AStar\Debug\link.3332-rc.read.1.tlog
\\banner.main.ad.rit.edu\students\jas2715\IGMProfile\Desktop\GitHub\AStarAlgorithm\A4 - AStar\A4 - AStar\Debug\link.6984-rc.read.1.tlog
\\banner.main.ad.rit.edu\students\jas2715\IGMProfile\Desktop\GitHub\AStarAlgorithm\A4 - AStar\A4 - AStar\Debug\link.6984-rc.write.1.tlog
\\banner.main.ad.rit.edu\students\jas2715\IGMProfile\Desktop\GitHub\AStarAlgorithm\A4 - AStar\A4 - AStar\Debug\link.6984-cvtres.read.1.tlog
\\banner.main.ad.rit.edu\students\jas2715\IGMProfile\Desktop\GitHub\AStarAlgorithm\A4 - AStar\A4 - AStar\Debug\link.6984-cvtres.write.1.tlog
\\banner.main.ad.rit.edu\students\jas2715\IGMProfile\Desktop\GitHub\AStarAlgorithm\A4 - AStar\A4 - AStar\Debug\link.6984.read.1.tlog
\\banner.main.ad.rit.edu\students\jas2715\IGMProfile\Desktop\GitHub\AStarAlgorithm\A4 - AStar\A4 - AStar\Debug\link.6984.write.1.tlog
\\banner.main.ad.rit.edu\students\jas2715\IGMProfile\Desktop\GitHub\AStarAlgorithm\A4 - AStar\A4 - AStar\Debug\link.3396-rc.write.1.tlog
\\banner.main.ad.rit.edu\students\jas2715\IGMProfile\Desktop\GitHub\AStarAlgorithm\A4 - AStar\A4 - AStar\Debug\link.3396-cvtres.write.1.tlog
\\banner.main.ad.rit.edu\students\jas2715\IGMProfile\Desktop\GitHub\AStarAlgorithm\A4 - AStar\A4 - AStar\Debug\link.1572-rc.read.1.tlog
\\banner.main.ad.rit.edu\students\jas2715\IGMProfile\Desktop\GitHub\AStarAlgorithm\A4 - AStar\A4 - AStar\Debug\cl.command.1.tlog
\\banner.main.ad.rit.edu\students\jas2715\IGMProfile\Desktop\GitHub\AStarAlgorithm\A4 - AStar\A4 - AStar\Debug\link.4448-rc.read.1.tlog
\\banner.main.ad.rit.edu\students\jas2715\IGMProfile\Desktop\GitHub\AStarAlgorithm\A4 - AStar\A4 - AStar\Debug\link.4448-rc.write.1.tlog
\\banner.main.ad.rit.edu\students\jas2715\IGMProfile\Desktop\GitHub\AStarAlgorithm\A4 - AStar\A4 - AStar\Debug\link.4448-cvtres.read.1.tlog
\\banner.main.ad.rit.edu\students\jas2715\IGMProfile\Desktop\GitHub\AStarAlgorithm\A4 - AStar\A4 - AStar\Debug\link.4448-cvtres.write.1.tlog
\\banner.main.ad.rit.edu\students\jas2715\IGMProfile\Desktop\GitHub\AStarAlgorithm\A4 - AStar\A4 - AStar\Debug\link.4448.read.1.tlog
\\banner.main.ad.rit.edu\students\jas2715\IGMProfile\Desktop\GitHub\AStarAlgorithm\A4 - AStar\A4 - AStar\Debug\link.4448.write.1.tlog
\\banner.main.ad.rit.edu\students\jas2715\IGMProfile\Desktop\GitHub\AStarAlgorithm\A4 - AStar\A4 - AStar\Debug\link.4992-rc.read.1.tlog
\\banner.main.ad.rit.edu\students\jas2715\IGMProfile\Desktop\GitHub\AStarAlgorithm\A4 - AStar\A4 - AStar\Debug\link.4992-rc.write.1.tlog
\\banner.main.ad.rit.edu\students\jas2715\IGMProfile\Desktop\GitHub\AStarAlgorithm\A4 - AStar\A4 - AStar\Debug\link.4992-cvtres.read.1.tlog
\\banner.main.ad.rit.edu\students\jas2715\IGMProfile\Desktop\GitHub\AStarAlgorithm\A4 - AStar\A4 - AStar\Debug\link.4992.read.1.tlog
\\banner.main.ad.rit.edu\students\jas2715\IGMProfile\Desktop\GitHub\AStarAlgorithm\A4 - AStar\A4 - AStar\Debug\link.3332-cvtres.write.1.tlog
\\banner.main.ad.rit.edu\students\jas2715\IGMProfile\Desktop\GitHub\AStarAlgorithm\A4 - AStar\A4 - AStar\Debug\link.4444-rc.read.1.tlog
\\banner.main.ad.rit.edu\students\jas2715\IGMProfile\Desktop\GitHub\AStarAlgorithm\A4 - AStar\A4 - AStar\Debug\link.4444-rc.write.1.tlog
\\banner.main.ad.rit.edu\students\jas2715\IGMProfile\Desktop\GitHub\AStarAlgorithm\A4 - AStar\A4 - AStar\Debug\link.4444-cvtres.read.1.tlog
\\banner.main.ad.rit.edu\students\jas2715\IGMProfile\Desktop\GitHub\AStarAlgorithm\A4 - AStar\A4 - AStar\Debug\link.4444-cvtres.write.1.tlog
\\banner.main.ad.rit.edu\students\jas2715\IGMProfile\Desktop\GitHub\AStarAlgorithm\A4 - AStar\A4 - AStar\Debug\link.4444.write.1.tlog
\\banner.main.ad.rit.edu\students\jas2715\IGMProfile\Desktop\GitHub\AStarAlgorithm\A4 - AStar\A4 - AStar\Debug\link.3396-cvtres.read.1.tlog
\\banner.main.ad.rit.edu\students\jas2715\IGMProfile\Desktop\GitHub\AStarAlgorithm\A4 - AStar\A4 - AStar\Debug\link.3396.read.1.tlog
\\banner.main.ad.rit.edu\students\jas2715\IGMProfile\Desktop\GitHub\AStarAlgorithm\A4 - AStar\A4 - AStar\Debug\link.1572-rc.write.1.tlog
\\banner.main.ad.rit.edu\students\jas2715\IGMProfile\Desktop\GitHub\AStarAlgorithm\A4 - AStar\A4 - AStar\Debug\link.3332.read.1.tlog
\\banner.main.ad.rit.edu\students\jas2715\IGMProfile\Desktop\GitHub\AStarAlgorithm\A4 - AStar\A4 - AStar\Debug\link.4992-cvtres.write.1.tlog
\\banner.main.ad.rit.edu\students\jas2715\IGMProfile\Desktop\GitHub\AStarAlgorithm\A4 - AStar\A4 - AStar\Debug\link.4992.write.1.tlog
\\banner.main.ad.rit.edu\students\jas2715\IGMProfile\Desktop\GitHub\AStarAlgorithm\A4 - AStar\A4 - AStar\Debug\link.4444.read.1.tlog
\\banner.main.ad.rit.edu\students\jas2715\IGMProfile\Desktop\GitHub\AStarAlgorithm\A4 - AStar\A4 - AStar\Debug\link.3396-rc.read.1.tlog
\\banner.main.ad.rit.edu\students\jas2715\IGMProfile\Desktop\GitHub\AStarAlgorithm\A4 - AStar\A4 - AStar\Debug\link.3396.write.1.tlog
\\banner.main.ad.rit.edu\students\jas2715\IGMProfile\Desktop\GitHub\AStarAlgorithm\A4 - AStar\A4 - AStar\Debug\link.4112-rc.write.1.tlog
\\banner.main.ad.rit.edu\students\jas2715\IGMProfile\Desktop\GitHub\AStarAlgorithm\A4 - AStar\A4 - AStar\Debug\link.4112-cvtres.read.1.tlog
\\banner.main.ad.rit.edu\students\jas2715\IGMProfile\Desktop\GitHub\AStarAlgorithm\A4 - AStar\A4 - AStar\Debug\link.4112-cvtres.write.1.tlog
\\banner.main.ad.rit.edu\students\jas2715\IGMProfile\Desktop\GitHub\AStarAlgorithm\A4 - AStar\A4 - AStar\Debug\link.4112.read.1.tlog
\\banner.main.ad.rit.edu\students\jas2715\IGMProfile\Desktop\GitHub\AStarAlgorithm\A4 - AStar\A4 - AStar\Debug\link.4112.write.1.tlog
\\banner.main.ad.rit.edu\students\jas2715\IGMProfile\Desktop\GitHub\AStarAlgorithm\A4 - AStar\A4 - AStar\Debug\link.5476-rc.write.1.tlog
\\banner.main.ad.rit.edu\students\jas2715\IGMProfile\Desktop\GitHub\AStarAlgorithm\A4 - AStar\A4 - AStar\Debug\link.5476-cvtres.write.1.tlog
\\banner.main.ad.rit.edu\students\jas2715\IGMProfile\Desktop\GitHub\AStarAlgorithm\A4 - AStar\A4 - AStar\Debug\link.5476.write.1.tlog
\\banner.main.ad.rit.edu\students\jas2715\IGMProfile\Desktop\GitHub\AStarAlgorithm\A4 - AStar\A4 - AStar\Debug\link.read.1.tlog
\\banner.main.ad.rit.edu\students\jas2715\IGMProfile\Desktop\GitHub\AStarAlgorithm\A4 - AStar\A4 - AStar\Debug\link.5476-rc.read.1.tlog
\\banner.main.ad.rit.edu\students\jas2715\IGMProfile\Desktop\GitHub\AStarAlgorithm\A4 - AStar\A4 - AStar\Debug\link.5476-cvtres.read.1.tlog
\\banner.main.ad.rit.edu\students\jas2715\IGMProfile\Desktop\GitHub\AStarAlgorithm\A4 - AStar\A4 - AStar\Debug\link.5476.read.1.tlog
\\banner.main.ad.rit.edu\students\jas2715\IGMProfile\Desktop\GitHub\AStarAlgorithm\A4 - AStar\A4 - AStar\Debug\CL.write.1.tlog
\\banner.main.ad.rit.edu\students\jas2715\IGMProfile\Desktop\GitHub\AStarAlgorithm\A4 - AStar\A4 - AStar\Debug\A4 - AStar.pch
\\banner.main.ad.rit.edu\students\jas2715\IGMProfile\Desktop\GitHub\AStarAlgorithm\A4 - AStar\A4 - AStar\Debug\vc110.idb
\\banner.main.ad.rit.edu\students\jas2715\IGMProfile\Desktop\GitHub\AStarAlgorithm\A4 - AStar\A4 - AStar\Debug\vc110.pdb
\\banner.main.ad.rit.edu\students\jas2715\IGMProfile\Desktop\GitHub\AStarAlgorithm\A4 - AStar\Debug\A4 - AStar.pdb
