Build started 10/5/2013 6:50:55 PM.
     1>Project "\\banner.main.ad.rit.edu\students\jas2715\IGMProfile\Desktop\GitHub\AStarAlgorithm\A4 - AStar\A4 - AStar\A4 - AStar.vcxproj" on node 2 (Build target(s)).
     1>ClCompile:
         C:\Program Files (x86)\Microsoft Visual Studio 11.0\VC\bin\CL.exe /c /ZI /nologo /W3 /WX- /sdl /Od /Oy- /D WIN32 /D _DEBUG /D _CONSOLE /D _UNICODE /D UNICODE /Gm /EHsc /RTC1 /MDd /GS /fp:precise /Zc:wchar_t /Zc:forScope /Yu"stdafx.h" /Fp"Debug\A4 - AStar.pch" /Fo"Debug\\" /Fd"Debug\vc110.pdb" /Gd /TP /analyze- /errorReport:prompt "A4 - AStar.cpp"
         A4 - AStar.cpp
     1>\\banner.main.ad.rit.edu\students\jas2715\igmprofile\desktop\github\astaralgorithm\a4 - astar\a4 - astar\graph.cpp(67): warning C4018: '<' : signed/unsigned mismatch
                 \\banner.main.ad.rit.edu\students\jas2715\igmprofile\desktop\github\astaralgorithm\a4 - astar\a4 - astar\graph.cpp(59) : while compiling class template member function 'std::vector<_Ty> Graph<GraphTemplateType>::findPath(int,int,int,int)'
                 with
                 [
                     _Ty=Node<char> *,
                     GraphTemplateType=char
                 ]
                 \\banner.main.ad.rit.edu\students\jas2715\igmprofile\desktop\github\astaralgorithm\a4 - astar\a4 - astar\a4 - astar.cpp(51) : see reference to function template instantiation 'std::vector<_Ty> Graph<GraphTemplateType>::findPath(int,int,int,int)' being compiled
                 with
                 [
                     _Ty=Node<char> *,
                     GraphTemplateType=char
                 ]
                 \\banner.main.ad.rit.edu\students\jas2715\igmprofile\desktop\github\astaralgorithm\a4 - astar\a4 - astar\a4 - astar.cpp(15) : see reference to class template instantiation 'Graph<GraphTemplateType>' being compiled
                 with
                 [
                     GraphTemplateType=char
                 ]
     1>\\banner.main.ad.rit.edu\students\jas2715\igmprofile\desktop\github\astaralgorithm\a4 - astar\a4 - astar\graph.cpp(167): warning C4244: 'initializing' : conversion from 'int' to 'float', possible loss of data
                 \\banner.main.ad.rit.edu\students\jas2715\igmprofile\desktop\github\astaralgorithm\a4 - astar\a4 - astar\graph.cpp(166) : while compiling class template member function 'float Graph<GraphTemplateType>::heuristicDistance(const Node<TemplateDataType> *,const Node<TemplateDataType> *)'
                 with
                 [
                     GraphTemplateType=char,
                     TemplateDataType=char
                 ]
                 \\banner.main.ad.rit.edu\students\jas2715\igmprofile\desktop\github\astaralgorithm\a4 - astar\a4 - astar\graph.cpp(98) : see reference to function template instantiation 'float Graph<GraphTemplateType>::heuristicDistance(const Node<TemplateDataType> *,const Node<TemplateDataType> *)' being compiled
                 with
                 [
                     GraphTemplateType=char,
                     TemplateDataType=char
                 ]
                 \\banner.main.ad.rit.edu\students\jas2715\igmprofile\desktop\github\astaralgorithm\a4 - astar\a4 - astar\graph.cpp(40) : while compiling class template member function 'void Graph<GraphTemplateType>::initBoard(void)'
                 with
                 [
                     GraphTemplateType=char
                 ]
                 \\banner.main.ad.rit.edu\students\jas2715\igmprofile\desktop\github\astaralgorithm\a4 - astar\a4 - astar\graph.cpp(35) : see reference to function template instantiation 'void Graph<GraphTemplateType>::initBoard(void)' being compiled
                 with
                 [
                     GraphTemplateType=char
                 ]
                 \\banner.main.ad.rit.edu\students\jas2715\igmprofile\desktop\github\astaralgorithm\a4 - astar\a4 - astar\graph.cpp(32) : while compiling class template member function 'Graph<GraphTemplateType>::Graph(int,int)'
                 with
                 [
                     GraphTemplateType=char
                 ]
                 \\banner.main.ad.rit.edu\students\jas2715\igmprofile\desktop\github\astaralgorithm\a4 - astar\a4 - astar\a4 - astar.cpp(15) : see reference to function template instantiation 'Graph<GraphTemplateType>::Graph(int,int)' being compiled
                 with
                 [
                     GraphTemplateType=char
                 ]
     1>\\banner.main.ad.rit.edu\students\jas2715\igmprofile\desktop\github\astaralgorithm\a4 - astar\a4 - astar\graph.cpp(168): warning C4244: 'initializing' : conversion from 'int' to 'float', possible loss of data
     1>\\banner.main.ad.rit.edu\students\jas2715\igmprofile\desktop\github\astaralgorithm\a4 - astar\a4 - astar\graph.cpp(192): warning C4018: '<' : signed/unsigned mismatch
                 \\banner.main.ad.rit.edu\students\jas2715\igmprofile\desktop\github\astaralgorithm\a4 - astar\a4 - astar\graph.cpp(191) : while compiling class template member function 'bool Graph<GraphTemplateType>::isInVector(std::vector<_Ty>,const Node<TemplateDataType> *)'
                 with
                 [
                     GraphTemplateType=char,
                     _Ty=Node<char> *,
                     TemplateDataType=char
                 ]
                 \\banner.main.ad.rit.edu\students\jas2715\igmprofile\desktop\github\astaralgorithm\a4 - astar\a4 - astar\graph.cpp(135) : see reference to function template instantiation 'bool Graph<GraphTemplateType>::isInVector(std::vector<_Ty>,const Node<TemplateDataType> *)' being compiled
                 with
                 [
                     GraphTemplateType=char,
                     _Ty=Node<char> *,
                     TemplateDataType=char
                 ]
       Link:
         C:\Program Files (x86)\Microsoft Visual Studio 11.0\VC\bin\link.exe /ERRORREPORT:PROMPT /OUT:"\\banner.main.ad.rit.edu\students\jas2715\IGMProfile\Desktop\GitHub\AStarAlgorithm\A4 - AStar\Debug\A4 - AStar.exe" /INCREMENTAL /NOLOGO kernel32.lib user32.lib gdi32.lib winspool.lib comdlg32.lib advapi32.lib shell32.lib ole32.lib oleaut32.lib uuid.lib odbc32.lib odbccp32.lib /MANIFEST /MANIFESTUAC:"level='asInvoker' uiAccess='false'" /manifest:embed /DEBUG /PDB:"\\banner.main.ad.rit.edu\students\jas2715\IGMProfile\Desktop\GitHub\AStarAlgorithm\A4 - AStar\Debug\A4 - AStar.pdb" /SUBSYSTEM:CONSOLE /TLBID:1 /DYNAMICBASE /NXCOMPAT /IMPLIB:"\\banner.main.ad.rit.edu\students\jas2715\IGMProfile\Desktop\GitHub\AStarAlgorithm\A4 - AStar\Debug\A4 - AStar.lib" /MACHINE:X86 "Debug\A4 - AStar.obj"
         Debug\Graph.obj
         Debug\Node.obj
         Debug\stdafx.obj
         A4 - AStar.vcxproj -> \\banner.main.ad.rit.edu\students\jas2715\IGMProfile\Desktop\GitHub\AStarAlgorithm\A4 - AStar\Debug\A4 - AStar.exe
     1>Done Building Project "\\banner.main.ad.rit.edu\students\jas2715\IGMProfile\Desktop\GitHub\AStarAlgorithm\A4 - AStar\A4 - AStar\A4 - AStar.vcxproj" (Build target(s)).

Build succeeded.

Time Elapsed 00:00:03.17
